         309256021 function calls (308857112 primitive calls) in 297.056 seconds

   Ordered by: standard name

   ncalls  tottime  percall  cumtime  percall filename:lineno(function)
        4    0.000    0.000    0.000    0.000 _bootlocale.py:23(getpreferredencoding)
  9531662    6.271    0.000    9.057    0.000 _collections_abc.py:664(__contains__)
   158640    0.115    0.000    0.148    0.000 _compression.py:12(_check_not_closed)
        2    0.000    0.000    0.000    0.000 _compression.py:150(tell)
        2    0.000    0.000    0.000    0.000 _compression.py:36(readable)
        2    0.000    0.000    0.000    0.000 _compression.py:39(__init__)
        2    0.000    0.000    0.000    0.000 _compression.py:59(close)
   105639    0.882    0.000    8.505    0.000 _compression.py:66(readinto)
      536    6.710    0.013   97.947    0.183 bridges.py:19(bridges)
  9531128    2.141    0.000    2.586    0.000 chains.py:123(_build_chain)
  4662623    7.289    0.000   89.203    0.000 chains.py:16(chain_decomposition)
  5061524    1.936    0.000    6.458    0.000 chains.py:163(<genexpr>)
        2   13.812    6.906   68.602   34.301 chains.py:67(_dfs_cycle_forest)
        2    0.000    0.000    0.000    0.000 codecs.py:185(__init__)
        2    0.000    0.000    0.000    0.000 codecs.py:259(__init__)
        2    0.000    0.000    0.000    0.000 codecs.py:308(__init__)
   105639    0.197    0.000    0.524    0.000 codecs.py:318(decode)
   105639    0.184    0.000    0.184    0.000 codecs.py:330(getstate)
 20260033    2.930    0.000    2.930    0.000 coreviews.py:44(__init__)
   398903    0.136    0.000    0.237    0.000 coreviews.py:50(__iter__)
  9531662    2.787    0.000    2.787    0.000 coreviews.py:53(__getitem__)
  9930565    5.386    0.000    6.694    0.000 coreviews.py:80(__getitem__)
        2    0.000    0.000    0.000    0.000 decorator.py:decorator-gen-107>:1(bridges)
        2    0.000    0.000    0.000    0.000 decorator.py:decorator-gen-108>:1(bridges)
        2    0.000    0.000    0.000    0.000 decorator.py:decorator-gen-119>:1(chain_decomposition)
        2    0.000    0.000    0.000    0.000 decorator.py:decorator-gen-120>:1(chain_decomposition)
      8/4    0.000    0.000    0.000    0.000 decorators.py:64(_not_implemented_for)
 10329470    6.829    0.000   10.908    0.000 depth_first_search.py:350(dfs_labeled_edges)
        2    0.000    0.000    0.000    0.000 digraph.py:270(__init__)
  9531662    5.435    0.000    6.874    0.000 digraph.py:325(adj)
   398903    0.336    0.000    0.445    0.000 digraph.py:344(succ)
   398903    1.300    0.000    1.403    0.000 digraph.py:381(add_node)
  4869041    9.398    0.000   11.493    0.000 digraph.py:577(add_edge)
   398903    0.347    0.000    1.441    0.000 digraph.py:841(edges)
        4    0.000    0.000    0.000    0.000 enum.py:267(__call__)
        4    0.000    0.000    0.000    0.000 enum.py:517(__new__)
        2    0.000    0.000    0.000    0.000 enum.py:803(__and__)
      538    0.000    0.000    0.001    0.000 graph.py:1242(edges)
       16    0.000    0.000    0.000    0.000 graph.py:1424(is_multigraph)
       16    0.000    0.000    0.000    0.000 graph.py:1428(is_directed)
   398903    0.361    0.000    0.665    0.000 graph.py:1827(nbunch_iter)
        2    0.000    0.000    0.000    0.000 graph.py:300(__init__)
   398903    0.305    0.000    0.379    0.000 graph.py:349(adj)
        2    0.000    0.000    0.000    0.000 graph.py:398(__iter__)
   398903    0.216    0.000    0.216    0.000 graph.py:416(__contains__)
        2    0.000    0.000    0.000    0.000 graph.py:430(__len__)
  9930565    9.149    0.000   23.096    0.000 graph.py:451(__getitem__)
  4523475    4.145    0.000    5.279    0.000 graph.py:477(add_node)
   205886    0.224    0.000    0.292    0.000 graph.py:666(nodes)
  4869041   14.031    0.000   16.878    0.000 graph.py:830(add_edge)
       66    0.000    0.000    0.000    0.000 graph.py:987(remove_edge)
        4    0.000    0.000    0.002    0.000 gzip.py:123(__init__)
        4    0.000    0.000    0.002    0.000 gzip.py:20(open)
        2    0.000    0.000    0.000    0.000 gzip.py:213(_init_write)
        2    0.000    0.000    0.000    0.000 gzip.py:221(_write_gzip_header)
    52997    0.680    0.000   64.944    0.001 gzip.py:247(write)
   105639    0.325    0.000    9.815    0.000 gzip.py:278(read1)
 22271860    4.584    0.000    4.584    0.000 gzip.py:298(closed)
        4    0.000    0.000    0.018    0.005 gzip.py:302(close)
        4    0.000    0.000    0.006    0.001 gzip.py:321(flush)
        4    0.000    0.000    0.000    0.000 gzip.py:328(fileno)
        4    0.000    0.000    0.000    0.000 gzip.py:343(readable)
        4    0.000    0.000    0.000    0.000 gzip.py:346(writable)
        4    0.000    0.000    0.000    0.000 gzip.py:349(seekable)
        2    0.000    0.000    0.000    0.000 gzip.py:352(seek)
        2    0.000    0.000    0.000    0.000 gzip.py:378(__init__)
    13076    0.018    0.000    0.031    0.000 gzip.py:385(_init_read)
    52294    0.057    0.000    0.139    0.000 gzip.py:389(_read_exact)
    13076    0.059    0.000    0.172    0.000 gzip.py:405(_read_gzip_header)
   105639    0.973    0.000    7.408    0.000 gzip.py:438(read)
   105637    0.222    0.000    0.471    0.000 gzip.py:489(_add_read_data)
    13074    0.088    0.000    0.219    0.000 gzip.py:493(_read_eof)
        6    0.000    0.000    0.000    0.000 gzip.py:64(write32u)
        2    0.000    0.000    0.000    0.000 gzip.py:74(__init__)
   184096    0.791    0.000    1.357    0.000 gzip.py:80(read)
   118710    0.240    0.000    0.277    0.000 gzip.py:93(prepend)
        2    0.000    0.000    0.000    0.000 posixpath.py:144(basename)
        2    0.000    0.000    0.000    0.000 posixpath.py:41(_get_sep)
 10664660    6.968    0.000   36.162    0.000 re.py:204(split)
 10664660    6.659    0.000    6.659    0.000 re.py:286(_compile)
  4869043    2.034    0.000    2.034    0.000 reportviews.py:1025(__iter__)
   205886    0.068    0.000    0.068    0.000 reportviews.py:167(__init__)
   205886    0.119    0.000    0.119    0.000 reportviews.py:177(__getitem__)
   398905    0.854    0.000    1.519    0.000 reportviews.py:642(__init__)
   398903    0.216    0.000    0.474    0.000 reportviews.py:649(<lambda>)
   398903    0.258    0.000    0.258    0.000 reportviews.py:649(<listcomp>)
  4869041    0.616    0.000    0.616    0.000 reportviews.py:655(<lambda>)
  4869041    1.616    0.000    1.616    0.000 reportviews.py:659(<lambda>)
   398903    0.308    0.000    0.782    0.000 reportviews.py:665(__iter__)
  5267944    2.842    0.000    4.522    0.000 reportviews.py:666(<genexpr>)
  4869043    4.556    0.000    5.236    0.000 reportviews.py:717(__iter__)
   399441    0.335    0.000    1.094    0.000 reportviews.py:906(__init__)
      534    0.001    0.000    0.001    0.000 reportviews.py:928(__getitem__)
   398907    0.415    0.000    1.934    0.000 reportviews.py:933(__call__)
        1    0.000    0.000    0.000    0.000 sre_compile.py:393(_generate_overlap_table)
        1    0.000    0.000    0.000    0.000 sre_compile.py:414(_get_literal_prefix)
        1    0.000    0.000    0.000    0.000 sre_compile.py:482(_compile_info)
        2    0.000    0.000    0.000    0.000 sre_compile.py:539(isstring)
        1    0.000    0.000    0.000    0.000 sre_compile.py:542(_code)
        1    0.000    0.000    0.000    0.000 sre_compile.py:557(compile)
        1    0.000    0.000    0.000    0.000 sre_compile.py:64(_compile)
        1    0.000    0.000    0.000    0.000 sre_parse.py:111(__init__)
        1    0.000    0.000    0.000    0.000 sre_parse.py:171(append)
        1    0.000    0.000    0.000    0.000 sre_parse.py:173(getwidth)
        1    0.000    0.000    0.000    0.000 sre_parse.py:223(__init__)
        4    0.000    0.000    0.000    0.000 sre_parse.py:232(__next)
        3    0.000    0.000    0.000    0.000 sre_parse.py:248(match)
        3    0.000    0.000    0.000    0.000 sre_parse.py:253(get)
        2    0.000    0.000    0.000    0.000 sre_parse.py:285(tell)
        1    0.000    0.000    0.000    0.000 sre_parse.py:407(_parse_sub)
        1    0.000    0.000    0.000    0.000 sre_parse.py:470(_parse)
        1    0.000    0.000    0.000    0.000 sre_parse.py:76(__init__)
        2    0.000    0.000    0.000    0.000 sre_parse.py:81(groups)
        1    0.000    0.000    0.000    0.000 sre_parse.py:828(fix_flags)
        1    0.000    0.000    0.000    0.000 sre_parse.py:844(parse)
 10661380    8.451    0.000    9.311    0.000 utils1.py:15(pre_filter_strict_pass)
        2    2.438    1.219  100.387   50.194 utils1.py:377(remove_bridges)
 10664660    9.066    0.000   10.250    0.000 utils1.py:47(pre_filter_loose_pass)
   105639    0.327    0.000    0.327    0.000 {built-in method _codecs.utf_8_decode}
        4    0.000    0.000    0.000    0.000 {built-in method _locale.nl_langinfo}
        1    0.000    0.000    0.000    0.000 {built-in method _sre.compile}
        6    0.000    0.000    0.000    0.000 {built-in method _struct.pack}
    39221    0.044    0.000    0.044    0.000 {built-in method _struct.unpack}
      298    0.000    0.000    0.000    0.000 {built-in method builtins.abs}
        2    0.000    0.000    0.000    0.000 {built-in method builtins.chr}
   399441    0.314    0.000    0.759    0.000 {built-in method builtins.hasattr}
    53012    0.028    0.000    0.028    0.000 {built-in method builtins.isinstance}
1196711/797808    0.414    0.000    0.550    0.000 {built-in method builtins.iter}
752211/752209    0.172    0.000    0.172    0.000 {built-in method builtins.len}
  5417983    2.043    0.000    2.043    0.000 {built-in method builtins.max}
        3    0.000    0.000    0.000    0.000 {built-in method builtins.min}
 10136985    2.147    0.000    2.147    0.000 {built-in method builtins.next}
        1    0.000    0.000    0.000    0.000 {built-in method builtins.ord}
  5496428   15.518    0.000   82.668    0.000 {built-in method builtins.print}
 15534235    5.027    0.000    5.027    0.000 {built-in method builtins.sum}
        2    0.000    0.000    0.000    0.000 {built-in method from_iterable}
        4    0.001    0.000    0.001    0.000 {built-in method io.open}
        6    0.000    0.000    0.000    0.000 {built-in method posix.fspath}
    10665    0.068    0.000    0.068    0.000 {built-in method resource.getrusage}
        2    0.000    0.000    0.000    0.000 {built-in method time.time}
        2    0.000    0.000    0.000    0.000 {built-in method zlib.compressobj}
   171710    0.448    0.000    0.448    0.000 {built-in method zlib.crc32}
    13076    0.066    0.000    0.066    0.000 {built-in method zlib.decompressobj}
        2    0.000    0.000    0.000    0.000 {function DecompressReader.close at 0x110aa19d8}
  1003692    0.254    0.000    0.254    0.000 {method 'add' of 'set' objects}
   605403    0.108    0.000    0.108    0.000 {method 'append' of 'list' objects}
   105639    0.138    0.000    0.138    0.000 {method 'cast' of 'memoryview' objects}
        4    0.002    0.000    0.002    0.000 {method 'close' of '_io.BufferedReader' objects}
        2    0.016    0.008    0.016    0.008 {method 'close' of '_io.BufferedWriter' objects}
    52995   63.729    0.001   63.729    0.001 {method 'compress' of 'zlib.Compress' objects}
   105638    3.960    0.000    3.960    0.000 {method 'decompress' of 'zlib.Decompress' objects}
        1    0.000    0.000    0.000    0.000 {method 'disable' of '_lsprof.Profiler' objects}
        4    0.000    0.000    0.000    0.000 {method 'encode' of 'str' objects}
        2    0.000    0.000    0.000    0.000 {method 'endswith' of 'bytes' objects}
        2    0.000    0.000    0.000    0.000 {method 'extend' of 'list' objects}
        2    0.000    0.000    0.000    0.000 {method 'fileno' of '_io.BufferedReader' objects}
        2    0.000    0.000    0.000    0.000 {method 'fileno' of '_io.BufferedWriter' objects}
        2    0.006    0.003    0.006    0.003 {method 'flush' of '_io.BufferedWriter' objects}
        4    0.000    0.000    0.000    0.000 {method 'flush' of 'zlib.Compress' objects}
  9738082    2.154    0.000    2.154    0.000 {method 'get' of 'dict' objects}
   797811    0.129    0.000    0.129    0.000 {method 'items' of 'dict' objects}
   398903    0.088    0.000    0.088    0.000 {method 'pop' of 'list' objects}
   105662    0.566    0.000    0.566    0.000 {method 'read' of '_io.BufferedReader' objects}
   105639    0.890    0.000    9.395    0.000 {method 'read1' of '_io.BufferedReader' objects}
 11120350   10.659    0.000   23.526    0.000 {method 'readline' of '_io.TextIOWrapper' objects}
        4    0.000    0.000    0.000    0.000 {method 'replace' of 'str' objects}
        2    0.000    0.000    0.000    0.000 {method 'rfind' of 'str' objects}
 10664660   22.535    0.000   22.535    0.000 {method 'split' of '_sre.SRE_Pattern' objects}
        6    0.000    0.000    0.000    0.000 {method 'startswith' of 'str' objects}
 11120350    2.222    0.000    2.222    0.000 {method 'strip' of 'str' objects}
 14660464    4.026    0.000    4.026    0.000 {method 'update' of 'dict' objects}
    53017    0.235    0.000    0.235    0.000 {method 'write' of '_io.BufferedWriter' objects}
    10665    0.016    0.000    0.016    0.000 {method 'write' of '_io.TextIOWrapper' objects}


